Log file open, 04/20/18 13:14:42
LogWindows: Failed to load 'aqProf.dll' (GetLastError=126)
LogWindows: File 'aqProf.dll' does not exist
LogWindows: Failed to load 'VSPerf140.dll' (GetLastError=126)
LogWindows: File 'VSPerf140.dll' does not exist
LogWindows: Failed to load 'VtuneApi.dll' (GetLastError=126)
LogWindows: File 'VtuneApi.dll' does not exist
LogWindows: Failed to load 'VtuneApi32e.dll' (GetLastError=126)
LogWindows: File 'VtuneApi32e.dll' does not exist
LogInit: Display: Running engine for game: Viking
LogPlatformFile: Not using cached read wrapper
LogInit: Display: RandInit(42055289) SRandInit(42055289).
LogInit: Read version file with build ID '3709383'
LogInit: Overriding engine version to CL 3832480, compatible CL 3709383
LogInit: Registered custom module enumerator with build ID '3709383'
LogTaskGraph: Started task graph with 5 named threads and 14 total threads with 3 sets of task threads.
LogStats: Stats thread started at 0.195004
LogD3D11RHI: Aftermath initialized
LogModuleManager: Display: Found up-to-date module file ../../../Engine/Plugins/2D/Paper2D/Binaries/Win64/UE4Editor-Paper2D.dll (API version 3709383).
LogModuleManager: Display: Found up-to-date module file ../../../Engine/Plugins/2D/Paper2D/Binaries/Win64/UE4Editor-Paper2DEditor.dll (API version 3709383).
LogModuleManager: Display: Found up-to-date module file ../../../Engine/Plugins/2D/Paper2D/Binaries/Win64/UE4Editor-PaperSpriteSheetImporter.dll (API version 3709383).
LogModuleManager: Display: Found up-to-date module file ../../../Engine/Plugins/2D/Paper2D/Binaries/Win64/UE4Editor-PaperTiledImporter.dll (API version 3709383).
LogModuleManager: Display: Found up-to-date module file ../../../Engine/Plugins/2D/Paper2D/Binaries/Win64/UE4Editor-SmartSnapping.dll (API version 3709383).
LogModuleManager: Display: Found up-to-date module file ../../../Engine/Plugins/Blendables/LightPropagationVolume/Binaries/Win64/UE4Editor-LightPropagationVolumeRuntime.dll (API version 3709383).
LogModuleManager: Display: Found up-to-date module file ../../../Engine/Plugins/Blendables/LightPropagationVolume/Binaries/Win64/UE4Editor-LightPropagationVolumeEditor.dll (API version 3709383).
LogModuleManager: Display: Found up-to-date module file ../../../Engine/Plugins/Developer/GitSourceControl/Binaries/Win64/UE4Editor-GitSourceControl.dll (API version 3709383).
LogModuleManager: Display: Found up-to-date module file ../../../Engine/Plugins/Developer/PerforceSourceControl/Binaries/Win64/UE4Editor-PerforceSourceControl.dll (API version 3709383).
LogModuleManager: Display: Found up-to-date module file ../../../Engine/Plugins/Developer/SubversionSourceControl/Binaries/Win64/UE4Editor-SubversionSourceControl.dll (API version 3709383).
LogModuleManager: Display: Found up-to-date module file ../../../Engine/Plugins/Developer/UObjectPlugin/Binaries/Win64/UE4Editor-UObjectPlugin.dll (API version 3709383).
LogModuleManager: Display: Found up-to-date module file ../../../Engine/Plugins/Developer/VisualStudioCodeSourceCodeAccess/Binaries/Win64/UE4Editor-VisualStudioCodeSourceCodeAccess.dll (API version 3709383).
LogModuleManager: Display: Found up-to-date module file ../../../Engine/Plugins/Developer/VisualStudioSourceCodeAccess/Binaries/Win64/UE4Editor-VisualStudioSourceCodeAccess.dll (API version 3709383).
LogModuleManager: Display: Found up-to-date module file ../../../Engine/Plugins/Editor/AssetManagerEditor/Binaries/Win64/UE4Editor-AssetManagerEditor.dll (API version 3709383).
LogModuleManager: Display: Found up-to-date module file ../../../Engine/Plugins/Editor/AudioCapture/Binaries/Win64/UE4Editor-AudioCapture.dll (API version 3709383).
LogModuleManager: Display: Found up-to-date module file ../../../Engine/Plugins/Editor/FacialAnimation/Binaries/Win64/UE4Editor-FacialAnimation.dll (API version 3709383).
LogModuleManager: Display: Found up-to-date module file ../../../Engine/Plugins/Editor/FacialAnimation/Binaries/Win64/UE4Editor-FacialAnimationEditor.dll (API version 3709383).
LogModuleManager: Display: Found up-to-date module file ../../../Engine/Plugins/Editor/GameplayTagsEditor/Binaries/Win64/UE4Editor-GameplayTagsEditor.dll (API version 3709383).
LogModuleManager: Display: Found up-to-date module file ../../../Engine/Plugins/Editor/MobileLauncherProfileWizard/Binaries/Win64/UE4Editor-MobileLauncherProfileWizard.dll (API version 3709383).
LogModuleManager: Display: Found up-to-date module file ../../../Engine/Plugins/Editor/PluginBrowser/Binaries/Win64/UE4Editor-PluginBrowser.dll (API version 3709383).
LogModuleManager: Display: Found up-to-date module file ../../../Engine/Plugins/Editor/SpeedTreeImporter/Binaries/Win64/UE4Editor-SpeedTreeImporter.dll (API version 3709383).
LogModuleManager: Display: Found up-to-date module file ../../../Engine/Plugins/Experimental/AlembicImporter/Binaries/Win64/UE4Editor-AlembicImporter.dll (API version 3709383).
LogModuleManager: Display: Found up-to-date module file ../../../Engine/Plugins/Experimental/AlembicImporter/Binaries/Win64/UE4Editor-AlembicLibrary.dll (API version 3709383).
LogModuleManager: Display: Found up-to-date module file ../../../Engine/Plugins/Experimental/CharacterAI/Binaries/Win64/UE4Editor-CharacterAI.dll (API version 3709383).
LogModuleManager: Display: Found up-to-date module file ../../../Engine/Plugins/Experimental/HTML5Networking/Binaries/Win64/UE4Editor-HTML5Networking.dll (API version 3709383).
LogModuleManager: Display: Found up-to-date module file ../../../Engine/Plugins/Media/AndroidMedia/Binaries/Win64/UE4Editor-AndroidMediaEditor.dll (API version 3709383).
LogModuleManager: Display: Found up-to-date module file ../../../Engine/Plugins/Media/AndroidMedia/Binaries/Win64/UE4Editor-AndroidMediaFactory.dll (API version 3709383).
LogModuleManager: Display: Found up-to-date module file ../../../Engine/Plugins/Media/AvfMedia/Binaries/Win64/UE4Editor-AvfMediaEditor.dll (API version 3709383).
LogModuleManager: Display: Found up-to-date module file ../../../Engine/Plugins/Media/AvfMedia/Binaries/Win64/UE4Editor-AvfMediaFactory.dll (API version 3709383).
LogModuleManager: Display: Found up-to-date module file ../../../Engine/Plugins/Media/AvfMedia/Binaries/Win64/UE4Editor-AvfMediaFactory.dll (API version 3709383).
LogModuleManager: Display: Found up-to-date module file ../../../Engine/Plugins/Media/ImgMedia/Binaries/Win64/UE4Editor-ImgMedia.dll (API version 3709383).
LogModuleManager: Display: Found up-to-date module file ../../../Engine/Plugins/Media/ImgMedia/Binaries/Win64/UE4Editor-ImgMediaEditor.dll (API version 3709383).
LogModuleManager: Display: Found up-to-date module file ../../../Engine/Plugins/Media/ImgMedia/Binaries/Win64/UE4Editor-ImgMediaFactory.dll (API version 3709383).
LogModuleManager: Display: Found up-to-date module file ../../../Engine/Plugins/Media/ImgMedia/Binaries/Win64/UE4Editor-ImgMediaFactory.dll (API version 3709383).
LogModuleManager: Display: Found up-to-date module file ../../../Engine/Plugins/Media/ImgMedia/Binaries/Win64/UE4Editor-OpenExrWrapper.dll (API version 3709383).
LogModuleManager: Display: Found up-to-date module file ../../../Engine/Plugins/Media/MediaCompositing/Binaries/Win64/UE4Editor-MediaCompositing.dll (API version 3709383).
LogModuleManager: Display: Found up-to-date module file ../../../Engine/Plugins/Media/MediaCompositing/Binaries/Win64/UE4Editor-MediaCompositingEditor.dll (API version 3709383).
LogModuleManager: Display: Found up-to-date module file ../../../Engine/Plugins/Media/MediaPlayerEditor/Binaries/Win64/UE4Editor-MediaPlayerEditor.dll (API version 3709383).
LogModuleManager: Display: Found up-to-date module file ../../../Engine/Plugins/Media/WmfMedia/Binaries/Win64/UE4Editor-WmfMedia.dll (API version 3709383).
LogModuleManager: Display: Found up-to-date module file ../../../Engine/Plugins/Media/WmfMedia/Binaries/Win64/UE4Editor-WmfMediaEditor.dll (API version 3709383).
LogModuleManager: Display: Found up-to-date module file ../../../Engine/Plugins/Media/WmfMedia/Binaries/Win64/UE4Editor-WmfMediaFactory.dll (API version 3709383).
LogModuleManager: Display: Found up-to-date module file ../../../Engine/Plugins/Media/WmfMedia/Binaries/Win64/UE4Editor-WmfMediaFactory.dll (API version 3709383).
LogModuleManager: Display: Found up-to-date module file ../../../Engine/Plugins/Messaging/TcpMessaging/Binaries/Win64/UE4Editor-TcpMessaging.dll (API version 3709383).
LogModuleManager: Display: Found up-to-date module file ../../../Engine/Plugins/Messaging/UdpMessaging/Binaries/Win64/UE4Editor-UdpMessaging.dll (API version 3709383).
LogModuleManager: Display: Found up-to-date module file ../../../Engine/Plugins/MovieScene/ActorSequence/Binaries/Win64/UE4Editor-ActorSequence.dll (API version 3709383).
LogModuleManager: Display: Found up-to-date module file ../../../Engine/Plugins/MovieScene/LevelSequenceEditor/Binaries/Win64/UE4Editor-LevelSequenceEditor.dll (API version 3709383).
LogModuleManager: Display: Found up-to-date module file ../../../Engine/Plugins/MovieScene/MatineeToLevelSequence/Binaries/Win64/UE4Editor-MatineeToLevelSequence.dll (API version 3709383).
LogModuleManager: Display: Found up-to-date module file ../../../Engine/Plugins/Online/OnlineSubsystem/Binaries/Win64/UE4Editor-OnlineSubsystem.dll (API version 3709383).
LogModuleManager: Display: Found up-to-date module file ../../../Engine/Plugins/Runtime/AndroidPermission/Binaries/Win64/UE4Editor-AndroidPermission.dll (API version 3709383).
LogModuleManager: Display: Found up-to-date module file ../../../Engine/Plugins/Online/OnlineSubsystemNull/Binaries/Win64/UE4Editor-OnlineSubsystemNull.dll (API version 3709383).
LogModuleManager: Display: Found up-to-date module file ../../../Engine/Plugins/Online/OnlineSubsystemUtils/Binaries/Win64/UE4Editor-OnlineSubsystemUtils.dll (API version 3709383).
LogModuleManager: Display: Found up-to-date module file ../../../Engine/Plugins/Online/OnlineSubsystemUtils/Binaries/Win64/UE4Editor-OnlineBlueprintSupport.dll (API version 3709383).
LogModuleManager: Display: Found up-to-date module file ../../../Engine/Plugins/Runtime/AndroidDeviceProfileSelector/Binaries/Win64/UE4Editor-AndroidDeviceProfileSelector.dll (API version 3709383).
LogModuleManager: Display: Found up-to-date module file ../../../Engine/Plugins/Runtime/AppleARKit/Binaries/Win64/UE4Editor-AppleARKit.dll (API version 3709383).
LogModuleManager: Display: Found up-to-date module file ../../../Engine/Plugins/Runtime/ArchVisCharacter/Binaries/Win64/UE4Editor-ArchVisCharacter.dll (API version 3709383).
LogModuleManager: Display: Found up-to-date module file ../../../Engine/Plugins/Runtime/CableComponent/Binaries/Win64/UE4Editor-CableComponent.dll (API version 3709383).
LogModuleManager: Display: Found up-to-date module file ../../../Engine/Plugins/Runtime/CustomMeshComponent/Binaries/Win64/UE4Editor-CustomMeshComponent.dll (API version 3709383).
LogModuleManager: Display: Found up-to-date module file ../../../Engine/Plugins/Runtime/ExampleDeviceProfileSelector/Binaries/Win64/UE4Editor-ExampleDeviceProfileSelector.dll (API version 3709383).
LogModuleManager: Display: Found up-to-date module file ../../../Engine/Plugins/Runtime/ImmediatePhysics/Binaries/Win64/UE4Editor-ImmediatePhysics.dll (API version 3709383).
LogModuleManager: Display: Found up-to-date module file ../../../Engine/Plugins/Runtime/ImmediatePhysics/Binaries/Win64/UE4Editor-ImmediatePhysicsEditor.dll (API version 3709383).
LogModuleManager: Display: Found up-to-date module file ../../../Engine/Plugins/Runtime/LocationServicesBPLibrary/Binaries/Win64/UE4Editor-LocationServicesBPLibrary.dll (API version 3709383).
LogModuleManager: Display: Found up-to-date module file ../../../Engine/Plugins/Runtime/MobilePatchingUtils/Binaries/Win64/UE4Editor-MobilePatchingUtils.dll (API version 3709383).
LogModuleManager: Display: Found up-to-date module file ../../../Engine/Plugins/Runtime/Oculus/OculusVR/Binaries/Win64/UE4Editor-OculusHMD.dll (API version 3709383).
LogModuleManager: Display: Found up-to-date module file ../../../Engine/Plugins/Runtime/Oculus/OculusVR/Binaries/Win64/UE4Editor-OculusInput.dll (API version 3709383).
LogModuleManager: Display: Found up-to-date module file ../../../Engine/Plugins/Runtime/Oculus/OculusVR/Binaries/Win64/UE4Editor-OculusEditor.dll (API version 3709383).
LogModuleManager: Display: Found up-to-date module file ../../../Engine/Plugins/Runtime/PhysXVehicles/Binaries/Win64/UE4Editor-PhysXVehicles.dll (API version 3709383).
LogModuleManager: Display: Found up-to-date module file ../../../Engine/Plugins/Runtime/PhysXVehicles/Binaries/Win64/UE4Editor-PhysXVehiclesEditor.dll (API version 3709383).
LogModuleManager: Display: Found up-to-date module file ../../../Engine/Plugins/Runtime/ProceduralMeshComponent/Binaries/Win64/UE4Editor-ProceduralMeshComponent.dll (API version 3709383).
LogModuleManager: Display: Found up-to-date module file ../../../Engine/Plugins/Runtime/ProceduralMeshComponent/Binaries/Win64/UE4Editor-ProceduralMeshComponentEditor.dll (API version 3709383).
LogModuleManager: Display: Found up-to-date module file ../../../Engine/Plugins/Runtime/RuntimePhysXCooking/Binaries/Win64/UE4Editor-RuntimePhysXCooking.dll (API version 3709383).
LogModuleManager: Display: Found up-to-date module file ../../../Engine/Plugins/Runtime/Steam/SteamVR/Binaries/Win64/UE4Editor-SteamVR.dll (API version 3709383).
LogModuleManager: Display: Found up-to-date module file ../../../Engine/Plugins/Runtime/Steam/SteamVR/Binaries/Win64/UE4Editor-SteamVRController.dll (API version 3709383).
LogModuleManager: Display: Found up-to-date module file ../../../Engine/Plugins/Runtime/WindowsMoviePlayer/Binaries/Win64/UE4Editor-WindowsMoviePlayer.dll (API version 3709383).
LogPluginManager: Mounting plugin Paper2D
LogPluginManager: Mounting plugin LightPropagationVolume
LogPluginManager: Mounting plugin CodeLiteSourceCodeAccess
LogPluginManager: Mounting plugin GitSourceControl
LogPluginManager: Mounting plugin KDevelopSourceCodeAccess
LogPluginManager: Mounting plugin NullSourceCodeAccess
LogPluginManager: Mounting plugin PerforceSourceControl
LogPluginManager: Mounting plugin SubversionSourceControl
LogPluginManager: Mounting plugin UObjectPlugin
LogPluginManager: Mounting plugin VisualStudioCodeSourceCodeAccess
LogPluginManager: Mounting plugin VisualStudioSourceCodeAccess
LogPluginManager: Mounting plugin XCodeSourceCodeAccess
LogPluginManager: Mounting plugin AssetManagerEditor
LogPluginManager: Mounting plugin AudioCapture
LogPluginManager: Mounting plugin FacialAnimation
LogPluginManager: Mounting plugin GameplayTagsEditor
LogPluginManager: Mounting plugin MobileLauncherProfileWizard
LogPluginManager: Mounting plugin PluginBrowser
LogPluginManager: Mounting plugin SpeedTreeImporter
LogPluginManager: Mounting plugin AlembicImporter
LogPluginManager: Mounting plugin CharacterAI
LogPluginManager: Mounting plugin HTML5Networking
LogPluginManager: Mounting plugin AndroidMedia
LogPluginManager: Mounting plugin AvfMedia
LogPluginManager: Mounting plugin ImgMedia
LogPluginManager: Mounting plugin MediaCompositing
LogPluginManager: Mounting plugin MediaPlayerEditor
LogPluginManager: Mounting plugin WmfMedia
LogPluginManager: Mounting plugin TcpMessaging
LogPluginManager: Mounting plugin UdpMessaging
LogPluginManager: Mounting plugin ActorSequence
LogPluginManager: Mounting plugin LevelSequenceEditor
LogPluginManager: Mounting plugin MatineeToLevelSequence
LogPluginManager: Mounting plugin OnlineSubsystemGooglePlay
LogPluginManager: Mounting plugin OnlineSubsystemIOS
LogPluginManager: Mounting plugin OnlineSubsystem
LogPluginManager: Mounting plugin OnlineSubsystemNull
LogPluginManager: Mounting plugin OnlineSubsystemUtils
LogPluginManager: Mounting plugin AndroidDeviceProfileSelector
LogPluginManager: Mounting plugin AndroidMoviePlayer
LogPluginManager: Mounting plugin AndroidPermission
LogPluginManager: Mounting plugin AppleARKit
LogPluginManager: Mounting plugin AppleMoviePlayer
LogPluginManager: Mounting plugin ArchVisCharacter
LogPluginManager: Mounting plugin CableComponent
LogPluginManager: Mounting plugin CustomMeshComponent
LogPluginManager: Mounting plugin ExampleDeviceProfileSelector
LogPluginManager: Mounting plugin GoogleCloudMessaging
LogPluginManager: Mounting plugin ImmediatePhysics
LogPluginManager: Mounting plugin IOSDeviceProfileSelector
LogPluginManager: Mounting plugin LinuxDeviceProfileSelector
LogPluginManager: Mounting plugin LocationServicesBPLibrary
LogPluginManager: Mounting plugin MobilePatchingUtils
LogPluginManager: Mounting plugin OculusVR
LogPluginManager: Plugin shader directory ../../../Engine/Plugins/Runtime/Oculus/OculusVR/Shaders found
LogPluginManager: Mapping shader source directory ../../../Engine/Plugins/Runtime/Oculus/OculusVR/Shaders to virtual directory /Plugin/OculusVR
LogPluginManager: Mounting plugin PhysXVehicles
LogPluginManager: Mounting plugin ProceduralMeshComponent
LogPluginManager: Mounting plugin RuntimePhysXCooking
LogPluginManager: Mounting plugin SteamVR
LogPluginManager: Mounting plugin WindowsMoviePlayer
LogInit: Using libcurl 7.47.1
LogInit:  - built for x86_64-pc-win32
LogInit:  - supports SSL with OpenSSL/1.0.2g
LogInit:  - supports HTTP deflate (compression) using libz 1.2.8
LogInit:  - other features:
LogInit:      CURL_VERSION_SSL
LogInit:      CURL_VERSION_LIBZ
LogInit:      CURL_VERSION_IPV6
LogInit:      CURL_VERSION_ASYNCHDNS
LogInit:      CURL_VERSION_LARGEFILE
LogInit:      CURL_VERSION_IDN
LogInit:  CurlRequestOptions (configurable via config and command line):
LogInit:  - bVerifyPeer = false  - Libcurl will NOT verify peer certificate
LogInit:  - bUseHttpProxy = false  - Libcurl will NOT use HTTP proxy
LogInit:  - bDontReuseConnections = false  - Libcurl will reuse connections
LogInit:  - CertBundlePath = nullptr  - Libcurl will use whatever was configured at build time.
LogInit: Build: ++UE4+Release-4.18-CL-3832480
LogInit: Engine Version: 4.18.3-3832480+++UE4+Release-4.18
LogInit: Compatible Engine Version: 4.18.0-3709383+++UE4+Release-4.18
LogInit: Net CL: 3709383
LogDevObjectVersion: Number of dev versions registered: 16
LogDevObjectVersion:   Dev-Blueprints (B0D832E4-1F89-4F0D-ACCF-7EB736FD4AA2): 10
LogDevObjectVersion:   Dev-Build (E1C64328-A22C-4D53-A36C-8E866417BD8C): 0
LogDevObjectVersion:   Dev-Core (375EC13C-06E4-48FB-B500-84F0262A717E): 2
LogDevObjectVersion:   Dev-Editor (E4B068ED-F494-42E9-A231-DA0B2E46BB41): 20
LogDevObjectVersion:   Dev-Framework (CFFC743F-43B0-4480-9391-14DF171D2073): 30
LogDevObjectVersion:   Dev-Mobile (B02B49B5-BB20-44E9-A304-32B752E40360): 0
LogDevObjectVersion:   Dev-Networking (A4E4105C-59A1-49B5-A7C5-40C4547EDFEE): 0
LogDevObjectVersion:   Dev-Online (39C831C9-5AE6-47DC-9A44-9C173E1C8E7C): 0
LogDevObjectVersion:   Dev-Physics (78F01B33-EBEA-4F98-B9B4-84EACCB95AA2): 0
LogDevObjectVersion:   Dev-Platform (6631380F-2D4D-43E0-8009-CF276956A95A): 0
LogDevObjectVersion:   Dev-Rendering (12F88B9F-8875-4AFC-A67C-D90C383ABD29): 20
LogDevObjectVersion:   Dev-Sequencer (7B5AE74C-D270-4C10-A958-57980B212A5A): 4
LogDevObjectVersion:   Dev-VR (D7296918-1DD6-4BDD-9DE2-64A83CC13884): 0
LogDevObjectVersion:   Dev-LoadTimes (C2A15278-BFE7-4AFE-6C17-90FF531DF755): 1
LogDevObjectVersion:   Private-Geometry (6EACA3D4-40EC-4CC1-B786-8BED09428FC5): 1
LogDevObjectVersion:   Dev-AnimPhys (29E575DD-E0A3-4627-9D10-D276232CDCEA): 12
LogInit: Compiled (64-bit): Jan 12 2018 02:04:55
LogInit: Compiled with Visual C++: 19.00.24215.01
LogInit: Build Configuration: Development
LogInit: Branch Name: ++UE4+Release-4.18
LogInit: Command line: -EpicPortal 
LogInit: Base directory: D:/Programs/Epic Games/UE_4.18/Engine/Binaries/Win64/
LogInit: Installed Engine Build: 1
LogInit: Presizing for max 8388607 objects, including 0 objects not considered by GC, pre-allocating 0 bytes for permanent pool.
LogInit: Object subsystem initialized
[2018.04.20-11.14.45:274][  0]LogInit: Selected Device Profile: [Windows]
[2018.04.20-11.14.45:274][  0]LogInit: Applying CVar settings loaded from the selected device profile: [Windows]
[2018.04.20-11.14.45:348][  0]LogInit: Computer: LUCYPC
[2018.04.20-11.14.45:348][  0]LogInit: User: Jeff
[2018.04.20-11.14.45:348][  0]LogInit: CPU Page size=4096, Cores=4
[2018.04.20-11.14.45:348][  0]LogInit: High frequency timer resolution =2.604199 MHz
[2018.04.20-11.14.45:348][  0]LogMemory: Memory total: Physical=8.0GB (8GB approx)
[2018.04.20-11.14.45:348][  0]LogMemory: Platform Memory Stats for Windows
[2018.04.20-11.14.45:348][  0]LogMemory: Process Physical Memory: 272.08 MB used, 272.08 MB peak
[2018.04.20-11.14.45:348][  0]LogMemory: Process Virtual Memory: 266.10 MB used, 266.10 MB peak
[2018.04.20-11.14.45:348][  0]LogMemory: Physical Memory: 4328.87 MB used,  3854.18 MB free, 8183.05 MB total
[2018.04.20-11.14.45:348][  0]LogMemory: Virtual Memory: 619.24 MB used,  3854.18 MB free, 8388608.00 MB total
[2018.04.20-11.14.45:531][  0]LogInit: Using OS detected language (nb-NO).
[2018.04.20-11.14.45:531][  0]LogInit: Using OS detected locale (nb-NO).
[2018.04.20-11.14.45:537][  0]LogTextLocalizationManager: No localization for 'nb-NO' exists, so 'en' will be used for the language.
[2018.04.20-11.14.45:538][  0]LogTextLocalizationManager: No localization for 'nb-NO' exists, so 'en' will be used for the locale.
[2018.04.20-11.14.46:240][  0]LogWindows: Failed to load 'shcore.dll' (GetLastError=126)
[2018.04.20-11.14.46:240][  0]LogWindows: File 'shcore.dll' does not exist
[2018.04.20-11.14.46:240][  0]LogInit: Setting process to DPI aware
[2018.04.20-11.14.46:245][  0]LogWindows: Failed to load 'shcore.dll' (GetLastError=126)
[2018.04.20-11.14.46:245][  0]LogWindows: File 'shcore.dll' does not exist
[2018.04.20-11.14.46:245][  0]LogInit: Setting process to DPI aware
[2018.04.20-11.14.46:786][  0]LogD3D11RHI: D3D11 adapters:
[2018.04.20-11.14.48:000][  0]LogD3D11RHI:    0. 'NVIDIA GeForce GTX 1060 6GB' (Feature Level 11_0)
[2018.04.20-11.14.48:000][  0]LogD3D11RHI:       6045/0/3835 MB DedicatedVideo/DedicatedSystem/SharedSystem, Outputs:2, VendorId:0x10de
[2018.04.20-11.14.48:000][  0]LogD3D11RHI: Chosen D3D11 Adapter: 0
[2018.04.20-11.14.48:011][  0]LogD3D11RHI: Creating new Direct3DDevice
[2018.04.20-11.14.48:011][  0]LogD3D11RHI:     GPU DeviceId: 0x1c03 (for the marketing name, search the web for "GPU Device Id")
[2018.04.20-11.14.48:011][  0]LogWindows: EnumDisplayDevices:
[2018.04.20-11.14.48:011][  0]LogWindows:    0. 'NVIDIA GeForce GTX 1060 6GB' (P:0 D:1)
[2018.04.20-11.14.48:012][  0]LogWindows:    1. 'NVIDIA GeForce GTX 1060 6GB' (P:1 D:1)
[2018.04.20-11.14.48:012][  0]LogWindows:    2. 'NVIDIA GeForce GTX 1060 6GB' (P:0 D:0)
[2018.04.20-11.14.48:012][  0]LogWindows:    3. 'NVIDIA GeForce GTX 1060 6GB' (P:0 D:0)
[2018.04.20-11.14.48:013][  0]LogWindows:    4. 'RDPDD Chained DD' (P:0 D:0)
[2018.04.20-11.14.48:013][  0]LogWindows:    5. 'RDP Encoder Mirror Driver' (P:0 D:0)
[2018.04.20-11.14.48:013][  0]LogWindows:    6. 'RDP Reflector Display Driver' (P:0 D:0)
[2018.04.20-11.14.48:014][  0]LogWindows: DebugString: GetVideoDriverDetailsInvalid PrimaryIsNotTheChoosenAdapter GetVideoDriverDetailsInvalid PrimaryIsNotTheChoosenAdapter GetVideoDriverDetailsInvalid PrimaryIsNotTheChoosenAdapter FoundDriverCount:4 
[2018.04.20-11.14.48:014][  0]LogD3D11RHI:     Adapter Name: NVIDIA GeForce GTX 1060 6GB
[2018.04.20-11.14.48:014][  0]LogD3D11RHI:   Driver Version: 382.53 (internal:22.21.13.8253, unified:382.53)
[2018.04.20-11.14.48:014][  0]LogD3D11RHI:      Driver Date: 6-7-2017
[2018.04.20-11.14.48:014][  0]LogRHI: Texture pool is 4231 MB (70% of 6045 MB)
[2018.04.20-11.14.49:004][  0]LogD3D11RHI: Async texture creation enabled
[2018.04.20-11.14.49:057][  0]LogD3D11RHI: GPU Timing Frequency: 1000.000000 (Debug: 2 2)
[2018.04.20-11.14.49:155][  0]LogShaderCompilers: Guid format shader working directory is -15 characters bigger than the processId version (../../../../../../Kurs/Årskurs/MAPP/Hovedprosjekt/UE4/Viking/Intermediate/Shaders/WorkingDirectory/4296/).
[2018.04.20-11.14.49:155][  0]LogShaderCompilers: Cleaned the shader compiler working directory 'C:/Users/Jeff/AppData/Local/Temp/UnrealShaderWorkingDir/65D25E504C3BDFC8E179908B4164E2A2/'.
[2018.04.20-11.14.49:155][  0]LogShaderCompilers: Display: Using Local Shader Compiler.
[2018.04.20-11.14.51:003][  0]LogTemp: Display: Loaded TP AllDesktopTargetPlatform
[2018.04.20-11.14.51:082][  0]LogTemp: Display: Loaded TP MacClientTargetPlatform
[2018.04.20-11.14.51:166][  0]LogTemp: Display: Loaded TP MacNoEditorTargetPlatform
[2018.04.20-11.14.51:247][  0]LogTemp: Display: Loaded TP MacServerTargetPlatform
[2018.04.20-11.14.51:331][  0]LogTemp: Display: Loaded TP MacTargetPlatform
[2018.04.20-11.14.51:411][  0]LogTemp: Display: Loaded TP WindowsClientTargetPlatform
[2018.04.20-11.14.51:486][  0]LogTemp: Display: Loaded TP WindowsNoEditorTargetPlatform
[2018.04.20-11.14.51:573][  0]LogTemp: Display: Loaded TP WindowsServerTargetPlatform
[2018.04.20-11.14.51:640][  0]LogTemp: Display: Loaded TP WindowsTargetPlatform
[2018.04.20-11.14.51:720][  0]LogTemp: Display: Loaded TP Android_ASTCTargetPlatform
[2018.04.20-11.14.51:802][  0]LogTemp: Display: Loaded TP Android_ATCTargetPlatform
[2018.04.20-11.14.51:896][  0]LogTemp: Display: Loaded TP Android_DXTTargetPlatform
[2018.04.20-11.14.51:978][  0]LogTemp: Display: Loaded TP Android_ETC1TargetPlatform
[2018.04.20-11.14.52:053][  0]LogTemp: Display: Loaded TP Android_ETC2TargetPlatform
[2018.04.20-11.14.52:218][  0]LogTemp: Display: Loaded TP Android_MultiTargetPlatform
[2018.04.20-11.14.52:218][  0]LogTemp: Display: Loaded TP Android_PVRTCTargetPlatform
[2018.04.20-11.14.52:298][  0]LogTemp: Display: Loaded TP AndroidTargetPlatform
[2018.04.20-11.14.52:353][  0]LogTemp: Display: Loaded TP HTML5TargetPlatform
[2018.04.20-11.14.52:477][  0]LogTemp: Display: Loaded TP IOSTargetPlatform
[2018.04.20-11.14.52:523][  0]LogTemp: Display: Loaded TP TVOSTargetPlatform
[2018.04.20-11.14.52:598][  0]LogTemp: Display: Loaded TP LinuxClientTargetPlatform
[2018.04.20-11.14.52:681][  0]LogTemp: Display: Loaded TP LinuxNoEditorTargetPlatform
[2018.04.20-11.14.52:763][  0]LogTemp: Display: Loaded TP LinuxServerTargetPlatform
[2018.04.20-11.14.52:843][  0]LogTemp: Display: Loaded TP LinuxTargetPlatform
[2018.04.20-11.14.52:843][  0]LogTargetPlatformManager: Display: Building Assets For Windows
[2018.04.20-11.14.53:517][  0]LogDerivedDataCache: Display: Max Cache Size: 512 MB
[2018.04.20-11.14.53:652][  0]LogDerivedDataCache: Loaded boot cache 0.14s 78MB C:/Users/Jeff/AppData/Local/UnrealEngine/4.18/DerivedDataCache/Boot.ddc.
[2018.04.20-11.14.53:652][  0]LogDerivedDataCache: Display: Loaded Boot cache: C:/Users/Jeff/AppData/Local/UnrealEngine/4.18/DerivedDataCache/Boot.ddc
[2018.04.20-11.14.53:652][  0]LogDerivedDataCache: FDerivedDataBackendGraph:  Pak pak cache file ../../../../../../Kurs/Årskurs/MAPP/Hovedprosjekt/UE4/Viking/DerivedDataCache/DDC.ddp not found, will not use a pak cache.
[2018.04.20-11.14.53:653][  0]LogDerivedDataCache: Unable to find inner node Pak for hierarchical cache Hierarchy.
[2018.04.20-11.14.53:653][  0]LogDerivedDataCache: FDerivedDataBackendGraph:  CompressedPak pak cache file ../../../../../../Kurs/Årskurs/MAPP/Hovedprosjekt/UE4/Viking/DerivedDataCache/Compressed.ddp not found, will not use a pak cache.
[2018.04.20-11.14.53:653][  0]LogDerivedDataCache: Unable to find inner node CompressedPak for hierarchical cache Hierarchy.
[2018.04.20-11.14.53:702][  0]LogDerivedDataCache: Display: Pak cache opened for reading ../../../Engine/DerivedDataCache/Compressed.ddp.
[2018.04.20-11.14.53:715][  0]LogDerivedDataCache: Using Local data cache path C:/Users/Jeff/AppData/Local/UnrealEngine/Common/DerivedDataCache: Writable
[2018.04.20-11.14.54:006][  0]LogMaterial: Verifying Global Shaders for PCD3D_SM5
[2018.04.20-11.14.54:007][  0]LogSlate: Using Freetype 2.6.0
[2018.04.20-11.14.54:008][  0]LogSlate: SlateFontCache - WITH_FREETYPE: 1, WITH_HARFBUZZ: 1
[2018.04.20-11.14.54:008][  0]LogSlate: SlateFontCache - WITH_FREETYPE: 1, WITH_HARFBUZZ: 1
[2018.04.20-11.14.54:814][  0]LogInit: Selected Device Profile: [Windows]
[2018.04.20-11.14.54:998][  0]LogMaterial: Missing cached shader map for material WorldGridMaterial, compiling. Is special engine material.
[2018.04.20-11.18.38:802][  0]LogMaterial: Missing cached shader map for material DefaultDeferredDecalMaterial, compiling. 
[2018.04.20-11.19.27:956][  0]LogMaterial: Missing cached shader map for material DefaultLightFunctionMaterial, compiling. 
[2018.04.20-11.19.34:231][  0]LogMaterial: Missing cached shader map for material DefaultPostProcessMaterial, compiling. 
[2018.04.20-11.19.38:961][  0]LogMaterial: Missing cached shader map for material MatineeCam_mat, compiling. 
[2018.04.20-11.19.40:347][  0]LogSimplygon: Simplygon DLL not present - disabling.
[2018.04.20-11.19.40:542][  0]LogMeshReduction: Using SimplygonSwarm for distributed automatic mesh merging
[2018.04.20-11.19.40:542][  0]LogMeshReduction: Using QuadricMeshReduction for automatic static mesh reduction
[2018.04.20-11.19.40:542][  0]LogMeshReduction: No automatic skeletal mesh reduction module available
[2018.04.20-11.19.40:542][  0]LogMeshReduction: No automatic mesh merging module available
[2018.04.20-11.19.40:542][  0]LogMeshMerging: No automatic mesh merging module available
[2018.04.20-11.19.40:765][  0]LogNetVersion: Viking , NetCL: 3709383, EngineNetVer: 2, GameNetVer: 0 (Checksum: 2125240759)
[2018.04.20-11.19.40:861][  0]LogMaterial: Missing cached shader map for material HelpActorMaterial, compiling. 
[2018.04.20-11.19.42:153][  0]LogMaterial: Missing cached shader map for material DefaultTextMaterialOpaque, compiling. 
[2018.04.20-11.19.43:126][  0]LogAssetRegistry: FAssetRegistry took 0.1090 seconds to start up
[2018.04.20-11.19.43:798][  0]LogMaterial: Missing cached shader map for material Widget3DPassThrough, compiling. 
[2018.04.20-11.19.43:848][  0]LogMaterial: Missing cached shader map for material Widget3DPassThrough, compiling. 
[2018.04.20-11.19.44:075][  0]LogMaterial: Missing cached shader map for material Widget3DPassThrough, compiling. 
[2018.04.20-11.19.44:254][  0]LogMaterial: Missing cached shader map for material Widget3DPassThrough, compiling. 
[2018.04.20-11.19.44:373][  0]LogMaterial: Missing cached shader map for material Widget3DPassThrough, compiling. 
[2018.04.20-11.19.44:552][  0]LogMaterial: Missing cached shader map for material Widget3DPassThrough, compiling. 
[2018.04.20-11.19.45:117][  0]LogMaterial: Missing cached shader map for material CineMat, compiling. 
[2018.04.20-11.19.45:865][  0]LogMaterial: Missing cached shader map for material M_SimpleOpaque, compiling. 
[2018.04.20-11.19.46:206][  0]LogMaterial: Missing cached shader map for material M_SimpleTranslucent, compiling. 
[2018.04.20-11.19.47:654][  0]LogMaterial: Missing cached shader map for material TranslucentTransformGizmoMaterial, compiling. 
[2018.04.20-11.19.47:842][  0]LogMaterial: Missing cached shader map for material TransformGizmoMaterial, compiling. 
[2018.04.20-11.19.47:905][  0]LogMaterial: Missing cached shader map for material SnapGridMaterial, compiling. 
[2018.04.20-11.19.48:468][  0]LogMaterial: Missing cached shader map for material Xray, compiling. 
[2018.04.20-11.19.48:724][  0]LogMaterial: Missing cached shader map for material Main, compiling. 
[2018.04.20-11.19.49:005][  0]LogMaterial: Missing cached shader map for material SkySphereMaterial, compiling. 
[2018.04.20-11.19.49:071][  0]LogMaterial: Missing cached shader map for material FloorPlaneMaterial, compiling. 
[2018.04.20-11.19.50:036][  0]LogMaterial: Missing cached shader map for material LandscapeGizmo_Mat, compiling. 
[2018.04.20-11.19.50:212][  0]LogMaterial: Missing cached shader map for material LandscapeGizmoHeight_Mat, compiling. 
[2018.04.20-11.19.50:893][  0]LogMaterial: Missing cached shader map for material SplineEditorMeshMat, compiling. 
[2018.04.20-11.19.51:019][  0]LogMaterial: Missing cached shader map for material ARKitCameraMaterial, compiling. 
[2018.04.20-11.19.51:168][  0]LogMaterial: Missing cached shader map for material GearVRControllerMaterial, compiling. 
[2018.04.20-11.19.51:543][  0]LogPackageLocalizationCache: Processed 7 localized package path(s) for 1 prioritized culture(s) in 0.129211 seconds
[2018.04.20-11.19.51:555][  0]LogUObjectArray: 35870 objects as part of root set at end of initial load.
[2018.04.20-11.19.51:555][  0]LogUObjectAllocator: 7363704 out of 0 bytes used by permanent object pool.
[2018.04.20-11.19.51:555][  0]LogUObjectArray: CloseDisregardForGC: 0/0 objects in disregard for GC pool
[2018.04.20-11.19.51:733][  0]LogInit: WinSock: version 1.1 (2.2), MaxSocks=32767, MaxUdp=65467
[2018.04.20-11.19.59:658][  0]LogMaterial: Missing cached shader map for material ArrowMaterial, compiling. 
[2018.04.20-11.19.59:847][  0]LogMaterial: Missing cached shader map for material KeyDiskMaterial, compiling. 
[2018.04.20-11.19.59:971][  0]LogMaterial: Missing cached shader map for material VivePreControllerMaterial, compiling. 
[2018.04.20-11.20.00:095][  0]LogMaterial: Missing cached shader map for material OculusControllerMaterial, compiling. 
[2018.04.20-11.20.00:232][  0]LogMaterial: Missing cached shader map for material LaserPointerMaterial, compiling. 
[2018.04.20-11.20.00:309][  0]LogMaterial: Missing cached shader map for material LaserPointerMaterial, compiling. 
[2018.04.20-11.20.00:545][  0]LogMaterial: Missing cached shader map for material GenericHMDMaterial, compiling. 
[2018.04.20-11.20.00:653][  0]LogMaterial: Missing cached shader map for material TeleportDirectionMaterial, compiling. 
[2018.04.20-11.20.00:802][  0]LogMaterial: Missing cached shader map for material GridPostProcess, compiling. 
[2018.04.20-11.20.00:837][  0]LogMaterial: Missing cached shader map for material GridMaterial, compiling. 
[2018.04.20-11.20.00:963][  0]LogMaterial: Missing cached shader map for material VRTextMaterial, compiling. 
[2018.04.20-11.20.01:059][  0]LogMaterial: Missing cached shader map for material FlattenHeightMat, compiling. 
[2018.04.20-11.20.01:111][  0]LogMaterial: Missing cached shader map for material M_ContentWindow, compiling. 
[2018.04.20-11.20.01:397][  0]LogMaterial: Missing cached shader map for material LineMaterial, compiling. 
[2018.04.20-11.20.01:507][  0]LogMaterial: Missing cached shader map for material VRTextMaterial, compiling. 
[2018.04.20-11.20.05:369][  0]LogMaterial: Missing cached shader map for material DefaultSpriteMaterial, compiling. 
[2018.04.20-11.20.05:511][  0]LogMaterial: Missing cached shader map for material DefaultSpriteMaterial, compiling. 
[2018.04.20-11.20.07:274][  0]LogTcpMessaging: Initializing TcpMessaging bridge
[2018.04.20-11.20.07:450][  0]LogUdpMessaging: Initializing bridge on interface 0.0.0.0:0 to multicast group 230.0.0.1:6666.
[2018.04.20-11.20.08:769][  0]LogMaterial: Missing cached shader map for material DefaultMaterial, compiling. 
[2018.04.20-11.20.11:976][  0]LogMaterial: Missing cached shader map for material BaseColor, compiling. 
[2018.04.20-11.20.12:090][  0]LogMaterial: Missing cached shader map for material CustomDepth, compiling. 
[2018.04.20-11.20.12:465][  0]LogMaterial: Uniform references updated for custom material expression Custom.
[2018.04.20-11.20.12:508][  0]LogMaterial: Missing cached shader map for material CustomStencil, compiling. 
[2018.04.20-11.20.12:640][  0]LogMaterial: Missing cached shader map for material FinalImage, compiling. 
[2018.04.20-11.20.12:745][  0]LogMaterial: Missing cached shader map for material LightingModel, compiling. 
[2018.04.20-11.20.12:847][  0]LogMaterial: Missing cached shader map for material MaterialAO, compiling. 
[2018.04.20-11.20.13:017][  0]LogMaterial: Missing cached shader map for material Metallic, compiling. 
[2018.04.20-11.20.13:070][  0]LogMaterial: Missing cached shader map for material Opacity, compiling. 
[2018.04.20-11.20.13:176][  0]LogMaterial: Missing cached shader map for material Roughness, compiling. 
[2018.04.20-11.20.13:218][  0]LogMaterial: Missing cached shader map for material SceneColor, compiling. 
[2018.04.20-11.20.13:265][  0]LogMaterial: Missing cached shader map for material SceneDepth, compiling. 
[2018.04.20-11.20.13:341][  0]LogMaterial: Missing cached shader map for material SeparateTranslucencyRGB, compiling. 
[2018.04.20-11.20.13:412][  0]LogMaterial: Missing cached shader map for material SeparateTranslucencyA, compiling. 
[2018.04.20-11.20.13:484][  0]LogMaterial: Missing cached shader map for material Specular, compiling. 
[2018.04.20-11.20.13:538][  0]LogMaterial: Missing cached shader map for material SubsurfaceColor, compiling. 
[2018.04.20-11.20.13:613][  0]LogMaterial: Missing cached shader map for material WorldNormal, compiling. 
[2018.04.20-11.20.13:756][  0]LogMaterial: Missing cached shader map for material AmbientOcclusion, compiling. 
[2018.04.20-11.20.14:039][  0]LogMaterial: Missing cached shader map for material CustomDepthWorldUnits, compiling. 
[2018.04.20-11.20.14:126][  0]LogMaterial: Missing cached shader map for material SceneDepthWorldUnits, compiling. 
[2018.04.20-11.20.14:237][  0]LogMaterial: Missing cached shader map for material PreTonemapHDRColor, compiling. 
[2018.04.20-11.20.14:330][  0]LogMaterial: Missing cached shader map for material PostTonemapHDRColor, compiling. 
[2018.04.20-11.20.17:706][  0]SourceControl: Source control is disabled
[2018.04.20-11.20.17:706][  0]SourceControl: Source control is disabled
[2018.04.20-11.20.18:139][  0]SourceControl: Source control is disabled
[2018.04.20-11.20.18:464][  0]SourceControl: Source control is disabled
[2018.04.20-11.20.20:945][  0]LogMaterial: Missing cached shader map for material DefaultMediaPlaneMaterial, compiling. 
[2018.04.20-11.20.22:304][  0]LogAndroidPermission: UAndroidPermissionCallbackProxy::GetInstance
[2018.04.20-11.20.23:873][  0]LogOcInput: OculusInput pre-init called
[2018.04.20-11.20.25:750][  0]LogMaterial: Missing cached shader map for material HighResScreenshot, compiling. 
[2018.04.20-11.20.25:905][  0]LogMaterial: Missing cached shader map for material HighResScreenshotMask, compiling. 
[2018.04.20-11.20.26:108][  0]LogMaterial: Missing cached shader map for material HighResScreenshotCaptureRegion, compiling. 
[2018.04.20-11.20.26:591][  0]LogEngine: Initializing Engine...
[2018.04.20-11.20.26:809][  0]LogHMD: Failed to initialize OpenVR with code 126
[2018.04.20-11.20.26:844][  0]LogMaterial: Missing cached shader map for material WireframeMaterial, compiling. Is special engine material.
[2018.04.20-11.20.28:813][  0]LogMaterial: Missing cached shader map for material LevelColorationLitMaterial, compiling. Is special engine material.
[2018.04.20-11.20.32:440][  0]LogMaterial: Missing cached shader map for material LevelColorationUnlitMaterial, compiling. Is special engine material.
[2018.04.20-11.20.33:602][  0]LogMaterial: Missing cached shader map for material MAT_LevelColorationLitLightmapUV, compiling. Is special engine material.
[2018.04.20-11.20.38:139][  0]LogMaterial: Missing cached shader map for material ShadedLevelColorationLitMaterial, compiling. Is special engine material.
[2018.04.20-11.20.41:831][  0]LogMaterial: Missing cached shader map for material ShadedLevelColorationUnlitMateri, compiling. Is special engine material.
[2018.04.20-11.20.42:696][  0]LogMaterial: Missing cached shader map for material VertexColorMaterial, compiling. 
[2018.04.20-11.20.43:270][  0]LogMaterial: Missing cached shader map for material VertexColorViewMode_ColorOnly, compiling. 
[2018.04.20-11.20.43:388][  0]LogMaterial: Missing cached shader map for material VertexColorViewMode_AlphaAsColor, compiling. 
[2018.04.20-11.20.43:477][  0]LogMaterial: Missing cached shader map for material VertexColorViewMode_RedOnly, compiling. 
[2018.04.20-11.20.43:559][  0]LogMaterial: Missing cached shader map for material VertexColorViewMode_GreenOnly, compiling. 
[2018.04.20-11.20.43:708][  0]LogMaterial: Missing cached shader map for material VertexColorViewMode_BlueOnly, compiling. 
[2018.04.20-11.20.43:835][  0]LogMaterial: Missing cached shader map for material RemoveSurfaceMaterial, compiling. 
[2018.04.20-11.20.43:889][  0]LogMaterial: Missing cached shader map for material DebugMeshMaterial, compiling. 
[2018.04.20-11.20.44:029][  0]LogMaterial: Missing cached shader map for material M_InvalidLightmapSettings, compiling. 
[2018.04.20-11.20.44:264][  0]LogMaterial: Missing cached shader map for material GizmoMaterial, compiling. 
[2018.04.20-11.20.44:390][  0]LogMaterial: Missing cached shader map for material PhAT_JointLimitMaterial, compiling. 
[2018.04.20-11.20.44:519][  0]LogMaterial: Missing cached shader map for material GeomMaterial, compiling. 
[2018.04.20-11.20.44:715][  0]LogMaterial: Missing cached shader map for material EditorBrushMaterial, compiling. 
[2018.04.20-11.20.44:830][  0]LogMaterial: Missing cached shader map for material BoneWeightMaterial, compiling. 
[2018.04.20-11.20.45:405][  0]LogMaterial: Missing cached shader map for material ClothMaterial, compiling. 
[2018.04.20-11.20.45:494][  0]LogMaterial: Missing cached shader map for material ClothMaterial_WF, compiling. 
[2018.04.20-11.20.45:600][  0]LogMaterial: Missing cached shader map for material DebugEditorMaterial, compiling. 
[2018.04.20-11.20.45:711][  0]LogMaterial: Missing cached shader map for material PreviewShadowIndicatorMaterial, compiling. 
[2018.04.20-11.20.46:303][  0]LogStats: UGameplayTagsManager::ConstructGameplayTagTree: Construct from data asset -  0.000 s
[2018.04.20-11.20.46:303][  0]LogStats: UGameplayTagsManager::ConstructGameplayTagTree: GameplayTagTreeChangedEvent.Broadcast -  0.000 s
[2018.04.20-11.20.46:864][  0]LogAIModule: Creating AISystem for world Untitled
[2018.04.20-11.20.46:941][  0]LogInit: XAudio2 using 'Speakers (High Definition Audio Device)' : 2 channels at 44.1 kHz using 16 bits per sample (channel mask 0x3)
[2018.04.20-11.20.47:824][  0]LogInit: FAudioDevice initialized.
[2018.04.20-11.20.48:404][  0]LogDerivedDataCache: Saved boot cache 0.58s 82MB C:/Users/Jeff/AppData/Local/UnrealEngine/4.18/DerivedDataCache/Boot.ddc.
[2018.04.20-11.20.48:437][  0]LogInit: Texture streaming: Enabled
[2018.04.20-11.20.48:830][  0]LogEngineSessionManager: EngineSessionManager initialized
[2018.04.20-11.20.49:314][  0]LogInit: Transaction tracking system initialized
[2018.04.20-11.20.50:679][  0]BlueprintLog: New page: Editor Load
[2018.04.20-11.20.54:403][  0]LocalizationService: Localization service is disabled
[2018.04.20-11.20.57:573][  0]LogConsoleResponse: Display: 
[2018.04.20-11.20.57:753][  0]LogMaterial: Missing cached shader map for material Cross_Mat, compiling. 
[2018.04.20-11.20.57:838][  0]LogMaterial: Missing cached shader map for material PhAT_BoneSelectedMaterial, compiling. 
[2018.04.20-11.20.57:900][  0]LogMaterial: Missing cached shader map for material PhAT_ElemSelectedMaterial, compiling. 
[2018.04.20-11.20.58:014][  0]LogMaterial: Missing cached shader map for material PhAT_NoCollisionMaterial, compiling. 
[2018.04.20-11.20.58:210][  0]LogMaterial: Missing cached shader map for material PhAT_UnselectedMaterial, compiling. 
[2018.04.20-11.20.58:466][  0]LogMaterial: Missing cached shader map for material Tick_Mat, compiling. 
[2018.04.20-11.20.58:641][  0]LogMaterial: Missing cached shader map for material WidgetGridVertexColorMaterial_Ma, compiling. 
[2018.04.20-11.20.58:864][  0]LogMaterial: Missing cached shader map for material WidgetMaterial, compiling. 
[2018.04.20-11.20.58:999][  0]LogMaterial: Missing cached shader map for material WidgetMaterial_Current, compiling. 
[2018.04.20-11.20.59:165][  0]LogMaterial: Missing cached shader map for material WidgetMaterial_X, compiling. 
[2018.04.20-11.20.59:351][  0]LogMaterial: Missing cached shader map for material WidgetMaterial_Y, compiling. 
[2018.04.20-11.20.59:433][  0]LogMaterial: Missing cached shader map for material WidgetMaterial_Z, compiling. 
[2018.04.20-11.20.59:646][  0]LogMaterial: Missing cached shader map for material WidgetVertexColorMaterial, compiling. 
[2018.04.20-11.21.00:145][  0]LogMaterial: Missing cached shader map for material LevelGridMaterial, compiling. 
[2018.04.20-11.21.00:749][  0]LogMaterial: Missing cached shader map for material BlinkingCaret, compiling. 
[2018.04.20-11.21.01:261][  0]LogMaterial: Missing cached shader map for material M_StreamingPause, compiling. 
[2018.04.20-11.21.01:632][  0]LogCook: Display: Max memory allowance for cook 16384mb min free memory 0mb
[2018.04.20-11.21.01:632][  0]LogCook: Display: Mobile HDR setting 1
[2018.04.20-11.21.01:633][  0]LogGameplayTags: Display: UGameplayTagsManager::DoneAddingNativeTags. DelegateIsBound: 0
[2018.04.20-11.21.02:118][  0]LogFileCache: Scanning file cache for directory 'D:/Kurs/Årskurs/MAPP/Hovedprosjekt/UE4/Viking/Content/' took 0.01s
[2018.04.20-11.21.09:352][  0]SourceControl: Source control is disabled
[2018.04.20-11.21.09:353][  0]Cmd: MAP LOAD FILE="../../../../../../Kurs/Årskurs/MAPP/Hovedprosjekt/UE4/Viking/Content/VirtualRealityBP/Maps/StartupMap.umap" TEMPLATE=0 SHOWPROGRESS=1 FEATURELEVEL=3
[2018.04.20-11.21.09:354][  0]LightingResults: New page: Lighting Build
[2018.04.20-11.21.09:490][  0]MapCheck: New page: Map Check
[2018.04.20-11.21.09:490][  0]LightingResults: New page: Lighting Build
[2018.04.20-11.21.10:503][  0]LogMaterial: Missing cached shader map for material M_HandMat, compiling. 
[2018.04.20-11.21.10:793][  0]LogMaterial: Missing cached shader map for material M_TeleportPreviews, compiling. 
[2018.04.20-11.21.10:869][  0]LogMaterial: Missing cached shader map for material GenericHMDMaterial, compiling. 
[2018.04.20-11.21.10:987][  0]LogMaterial: Missing cached shader map for material M_ArcEndpoint, compiling. 
[2018.04.20-11.21.11:236][  0]LogMaterial: Missing cached shader map for material M_BaseMaterial, compiling. 
[2018.04.20-11.21.11:642][  0]LogAIModule: Creating AISystem for world StartupMap
[2018.04.20-11.21.11:953][  0]LogEditorServer: Finished looking for orphan Actors (0.000 secs)
[2018.04.20-11.21.12:033][  0]Cmd: MAP CHECKDEP NOCLEARLOG
[2018.04.20-11.21.12:234][  0]MapCheck: Map check complete: 0 Error(s), 0 Warning(s), took 200.267ms to complete.
[2018.04.20-11.21.12:235][  0]LogFileHelpers: Loading map 'StartupMap' took 2.882
[2018.04.20-11.21.13:143][  0]LogCollectionManager: Loaded 0 collections in 0.005310 seconds
[2018.04.20-11.21.13:614][  0]LogFileCache: Scanning file cache for directory 'D:/Kurs/Årskurs/MAPP/Hovedprosjekt/UE4/Viking/Saved/Collections/' took 0.02s
[2018.04.20-11.21.13:614][  0]LogFileCache: Scanning file cache for directory 'D:/Kurs/Årskurs/MAPP/Hovedprosjekt/UE4/Viking/Content/Developers/Jeff/Collections/' took 0.02s
[2018.04.20-11.21.13:614][  0]LogFileCache: Scanning file cache for directory 'D:/Kurs/Årskurs/MAPP/Hovedprosjekt/UE4/Viking/Content/Collections/' took 0.00s
[2018.04.20-11.21.13:614][  0]LogCollectionManager: Rebuilt the GUID cache for 0 collections in 0.000001 seconds
[2018.04.20-11.21.13:664][  0]LogContentBrowser: Native class hierarchy populated in 0.0442 seconds. Added 2363 classes and 519 folders.
[2018.04.20-11.21.14:051][  0]LogContentBrowser: Native class hierarchy updated for 'WidgetCarousel' in 0.0006 seconds. Added 0 classes and 0 folders.
[2018.04.20-11.21.14:335][  0]LogContentBrowser: Native class hierarchy updated for 'AddContentDialog' in 0.0020 seconds. Added 0 classes and 0 folders.
[2018.04.20-11.21.14:621][  0]LogContentBrowser: Native class hierarchy updated for 'SceneOutliner' in 0.0010 seconds. Added 1 classes and 2 folders.
[2018.04.20-11.21.20:100][  0]LogSlate: Took 0.000796 seconds to synchronously load lazily loaded font '../../../Engine/Content/Slate/Fonts/Roboto-Regular.ttf' (155K)
[2018.04.20-11.21.20:131][  0]LogSlate: Took 0.002244 seconds to synchronously load lazily loaded font '../../../Engine/Content/Slate/Fonts/Roboto-Bold.ttf' (160K)
[2018.04.20-11.21.20:203][  0]LogSlate: Took 0.011274 seconds to synchronously load lazily loaded font '../../../Engine/Content/Editor/Slate/Fonts/FontAwesome.ttf' (139K)
[2018.04.20-11.21.20:559][  0]LogMaterial: Missing cached shader map for material LevelGridMaterial2, compiling. 
[2018.04.20-11.21.20:999][  0]LogRenderer: Reallocating scene render targets to support 1208x620 Format 26 NumSamples 1 (Frame:1).
[2018.04.20-11.21.43:561][  0]LogContentBrowser: Native class hierarchy updated for 'HierarchicalLODOutliner' in 0.0007 seconds. Added 1 classes and 2 folders.
[2018.04.20-11.21.43:561][  0]LogLoad: (Engine Initialization) Total time: 422.32 seconds
[2018.04.20-11.21.43:561][  0]LogLoad: (Engine Initialization) Total Blueprint compile time: 0.00 seconds
[2018.04.20-11.21.43:562][  0]LogExternalProfiler: No external profilers were discovered.  External profiling features will not be available.
[2018.04.20-11.21.44:257][  0]LogContentStreaming: Texture pool size now 800 MB
[2018.04.20-11.21.44:895][  1]LogSlate: Took 0.000371 seconds to synchronously load lazily loaded font '../../../Engine/Content/Slate/Fonts/Roboto-Light.ttf' (159K)
[2018.04.20-11.21.48:665][  5]LogAssetRegistry: Asset discovery search completed in 125.5819 seconds
[2018.04.20-11.21.48:670][  5]LogCollectionManager: Rebuilt the object cache for 0 collections in 0.000000 seconds (found 0 objects)
[2018.04.20-11.21.48:670][  5]LogCollectionManager: Fixed up redirectors for 0 collections in 0.000091 seconds (updated 0 objects)
